
Showing logs for build [32mcb-kubecd-environment-pr-177-13-ldjzr-1[0m stage [32mfrom-build-pack[0m and container [32mstep-credential-initializer-jqvfh[0m
{"level":"warn","ts":1583569799.767066,"logger":"fallback-logger","caller":"logging/config.go:69","msg":"Fetch GitHub commit ID from kodata failed: \"ref: refs/heads/0.8.0-**-support-backwards-incompats\" is not a valid GitHub commit ID"}
{"level":"info","ts":1583569799.7678378,"logger":"fallback-logger","caller":"creds-init/main.go:40","msg":"Credentials initialized."}

Showing logs for build [32mcb-kubecd-environment-pr-177-13-ldjzr-1[0m stage [32mfrom-build-pack[0m and container [32mstep-working-dir-initializer-hffxl[0m
{"level":"warn","ts":1583569800.6681108,"logger":"fallback-logger","caller":"logging/config.go:69","msg":"Fetch GitHub commit ID from kodata failed: open /var/run/ko/HEAD: no such file or directory"}
{"level":"info","ts":1583569800.674657,"logger":"fallback-logger","caller":"bash/main.go:64","msg":"Successfully executed command \"sh -c mkdir -p /workspace/source\"; output "}

Showing logs for build [32mcb-kubecd-environment-pr-177-13-ldjzr-1[0m stage [32mfrom-build-pack[0m and container [32mstep-place-tools[0m

Showing logs for build [32mcb-kubecd-environment-pr-177-13-ldjzr-1[0m stage [32mfrom-build-pack[0m and container [32mstep-git-source-cb-kubecd-environment-pr-177-13-ldjzr-4xt5h[0m
{"level":"warn","ts":1583569829.8092957,"logger":"fallback-logger","caller":"logging/config.go:69","msg":"Fetch GitHub commit ID from kodata failed: \"ref: refs/heads/0.8.0-**-support-backwards-incompats\" is not a valid GitHub commit ID"}
{"level":"info","ts":1583569830.8537266,"logger":"fallback-logger","caller":"git/git.go:103","msg":"Successfully cloned https://github.com/cb-kubecd/environment-pr-177-13-boot-gke-staging.git @ master in path /workspace/source"}

Showing logs for build [32mcb-kubecd-environment-pr-177-13-ldjzr-1[0m stage [32mfrom-build-pack[0m and container [32mstep-git-merge[0m
Using SHAs from PULL_REFS=master:cea8f32a581ee8dd13f87cf6f74b043cd2f7d00e,1:fe38b21d46592fbcd431e42f6c2fca443af614fb
DEBUG: LC_ALL=C JX_LOG_LEVEL=error git fetch origin --unshallow fe38b21d46592fbcd431e42f6c2fca443af614fb: cea8f32a581ee8dd13f87cf6f74b043cd2f7d00e:
DEBUG: ran git fetch --unshallow origin fe38b21d46592fbcd431e42f6c2fca443af614fb: cea8f32a581ee8dd13f87cf6f74b043cd2f7d00e: in 
DEBUG: LC_ALL=C JX_LOG_LEVEL=error git branch
DEBUG: JX_LOG_LEVEL=error LC_ALL=C git checkout master
DEBUG: ran git checkout master in 
DEBUG: LC_ALL=C JX_LOG_LEVEL=error git reset --hard cea8f32a581ee8dd13f87cf6f74b043cd2f7d00e
DEBUG: ran git reset --hard cea8f32a581ee8dd13f87cf6f74b043cd2f7d00e in 
DEBUG: LC_ALL=C JX_LOG_LEVEL=error git clean -fd .
DEBUG: ran clean --force -d . in 
DEBUG: LC_ALL=C JX_LOG_LEVEL=error git merge fe38b21d46592fbcd431e42f6c2fca443af614fb
DEBUG: ran git merge fe38b21d46592fbcd431e42f6c2fca443af614fb in 
DEBUG: LC_ALL=C JX_LOG_LEVEL=error git log --format=%H%x1f%an%x1f%ae%x1f%cn%x1f%ce%x1f%s%n%b%x1e cea8f32a581ee8dd13f87cf6f74b043cd2f7d00e..HEAD
Merged SHA fe38b21d46592fbcd431e42f6c2fca443af614fb with commit message 'chore: Promote bdd-spring-1583569469 to version 0.0.1' into base branch master

Showing logs for build [32mcb-kubecd-environment-pr-177-13-ldjzr-1[0m stage [32mfrom-build-pack[0m and container [32mstep-build-helm-build[0m
WARNING: No $CHART_REPOSITORY defined so using the default value of: http://jenkins-x-chartmuseum:8080
Adding missing Helm repo: storage.googleapis.com https://storage.googleapis.com/chartmuseum.jenkins-x.io
WARNING: No secrets found on "helm/repos" due: reading the secret "helm/repos" from vault: no secret "helm/repos" not found in vault
Read credentials for https://storage.googleapis.com/chartmuseum.jenkins-x.io from vault helm/repos
Successfully added Helm repository storage.googleapis.com.
Adding missing Helm repo: jenkins-x-chartmuseum http://jenkins-x-chartmuseum:8080
WARNING: No secrets found on "helm/repos" due: reading the secret "helm/repos" from vault: no secret "helm/repos" not found in vault
Read credentials for http://jenkins-x-chartmuseum:8080 from vault helm/repos
Successfully added Helm repository jenkins-x-chartmuseum.
WARNING: No $CHART_REPOSITORY defined so using the default value of: http://jenkins-x-chartmuseum:8080
Adding missing Helm repo: chartmuseum.jenkins-x.io http://chartmuseum.jenkins-x.io
WARNING: No secrets found on "helm/repos" due: reading the secret "helm/repos" from vault: no secret "helm/repos" not found in vault
Read credentials for http://chartmuseum.jenkins-x.io from vault helm/repos
Successfully added Helm repository chartmuseum.jenkins-x.io.
