
Showing logs for build [32mcb-kubecd-environment-pr-177-13-4ls4q-1[0m stage [32mfrom-build-pack[0m and container [32mstep-credential-initializer-tqddn[0m
{"level":"warn","ts":1583571814.8254752,"logger":"fallback-logger","caller":"logging/config.go:69","msg":"Fetch GitHub commit ID from kodata failed: \"ref: refs/heads/0.8.0-**-support-backwards-incompats\" is not a valid GitHub commit ID"}
{"level":"info","ts":1583571814.836496,"logger":"fallback-logger","caller":"creds-init/main.go:40","msg":"Credentials initialized."}

Showing logs for build [32mcb-kubecd-environment-pr-177-13-4ls4q-1[0m stage [32mfrom-build-pack[0m and container [32mstep-working-dir-initializer-lsxl6[0m
{"level":"warn","ts":1583571816.030935,"logger":"fallback-logger","caller":"logging/config.go:69","msg":"Fetch GitHub commit ID from kodata failed: open /var/run/ko/HEAD: no such file or directory"}
{"level":"info","ts":1583571816.0371943,"logger":"fallback-logger","caller":"bash/main.go:64","msg":"Successfully executed command \"sh -c mkdir -p /workspace/source\"; output "}

Showing logs for build [32mcb-kubecd-environment-pr-177-13-4ls4q-1[0m stage [32mfrom-build-pack[0m and container [32mstep-place-tools[0m

Showing logs for build [32mcb-kubecd-environment-pr-177-13-4ls4q-1[0m stage [32mfrom-build-pack[0m and container [32mstep-git-source-cb-kubecd-environment-pr-177-13-4ls4q-g9br5[0m
{"level":"warn","ts":1583571822.4316452,"logger":"fallback-logger","caller":"logging/config.go:69","msg":"Fetch GitHub commit ID from kodata failed: \"ref: refs/heads/0.8.0-**-support-backwards-incompats\" is not a valid GitHub commit ID"}
{"level":"info","ts":1583571823.5503755,"logger":"fallback-logger","caller":"git/git.go:103","msg":"Successfully cloned https://github.com/cb-kubecd/environment-pr-177-13-boot-gke-staging.git @ master in path /workspace/source"}

Showing logs for build [32mcb-kubecd-environment-pr-177-13-4ls4q-1[0m stage [32mfrom-build-pack[0m and container [32mstep-git-merge[0m
Using SHAs from PULL_REFS=master:f8521f298b7f1f50dfe4ff38f882eed1e11472cd,4:5caa27292e00cc51e757e609b89859747a5217c0
DEBUG: LC_ALL=C JX_LOG_LEVEL=error git fetch origin --unshallow 5caa27292e00cc51e757e609b89859747a5217c0: f8521f298b7f1f50dfe4ff38f882eed1e11472cd:
DEBUG: ran git fetch --unshallow origin 5caa27292e00cc51e757e609b89859747a5217c0: f8521f298b7f1f50dfe4ff38f882eed1e11472cd: in 
DEBUG: LC_ALL=C JX_LOG_LEVEL=error git branch
DEBUG: LC_ALL=C JX_LOG_LEVEL=error git checkout master
DEBUG: ran git checkout master in 
DEBUG: JX_LOG_LEVEL=error LC_ALL=C git reset --hard f8521f298b7f1f50dfe4ff38f882eed1e11472cd
DEBUG: ran git reset --hard f8521f298b7f1f50dfe4ff38f882eed1e11472cd in 
DEBUG: JX_LOG_LEVEL=error LC_ALL=C git clean -fd .
DEBUG: ran clean --force -d . in 
DEBUG: LC_ALL=C JX_LOG_LEVEL=error git merge 5caa27292e00cc51e757e609b89859747a5217c0
DEBUG: ran git merge 5caa27292e00cc51e757e609b89859747a5217c0 in 
DEBUG: LC_ALL=C JX_LOG_LEVEL=error git log --format=%H%x1f%an%x1f%ae%x1f%cn%x1f%ce%x1f%s%n%b%x1e f8521f298b7f1f50dfe4ff38f882eed1e11472cd..HEAD
Merged SHA 5caa27292e00cc51e757e609b89859747a5217c0 with commit message 'chore: Promote bdd-sbhg-1583570562 to version 0.0.1' into base branch master

Showing logs for build [32mcb-kubecd-environment-pr-177-13-4ls4q-1[0m stage [32mfrom-build-pack[0m and container [32mstep-build-helm-build[0m
WARNING: No $CHART_REPOSITORY defined so using the default value of: http://jenkins-x-chartmuseum:8080
Adding missing Helm repo: storage.googleapis.com https://storage.googleapis.com/chartmuseum.jenkins-x.io
WARNING: No secrets found on "helm/repos" due: reading the secret "helm/repos" from vault: no secret "helm/repos" not found in vault
Read credentials for https://storage.googleapis.com/chartmuseum.jenkins-x.io from vault helm/repos
Successfully added Helm repository storage.googleapis.com.
Adding missing Helm repo: jenkins-x-chartmuseum http://jenkins-x-chartmuseum:8080
WARNING: No secrets found on "helm/repos" due: reading the secret "helm/repos" from vault: no secret "helm/repos" not found in vault
Read credentials for http://jenkins-x-chartmuseum:8080 from vault helm/repos
Successfully added Helm repository jenkins-x-chartmuseum.
WARNING: No $CHART_REPOSITORY defined so using the default value of: http://jenkins-x-chartmuseum:8080
Adding missing Helm repo: chartmuseum.jenkins-x.io http://chartmuseum.jenkins-x.io
WARNING: No secrets found on "helm/repos" due: reading the secret "helm/repos" from vault: no secret "helm/repos" not found in vault
Read credentials for http://chartmuseum.jenkins-x.io from vault helm/repos
Successfully added Helm repository chartmuseum.jenkins-x.io.
