
Showing logs for build [32mcb-kubecd-environment-pr-177-13-jj4qq-1[0m stage [32mfrom-build-pack[0m and container [32mstep-credential-initializer-bq5lk[0m
{"level":"warn","ts":1583571420.4851036,"logger":"fallback-logger","caller":"logging/config.go:69","msg":"Fetch GitHub commit ID from kodata failed: \"ref: refs/heads/0.8.0-**-support-backwards-incompats\" is not a valid GitHub commit ID"}
{"level":"info","ts":1583571420.4858565,"logger":"fallback-logger","caller":"creds-init/main.go:40","msg":"Credentials initialized."}

Showing logs for build [32mcb-kubecd-environment-pr-177-13-jj4qq-1[0m stage [32mfrom-build-pack[0m and container [32mstep-working-dir-initializer-d7v8v[0m
{"level":"warn","ts":1583571421.328566,"logger":"fallback-logger","caller":"logging/config.go:69","msg":"Fetch GitHub commit ID from kodata failed: open /var/run/ko/HEAD: no such file or directory"}
{"level":"info","ts":1583571421.331572,"logger":"fallback-logger","caller":"bash/main.go:64","msg":"Successfully executed command \"sh -c mkdir -p /workspace/source\"; output "}

Showing logs for build [32mcb-kubecd-environment-pr-177-13-jj4qq-1[0m stage [32mfrom-build-pack[0m and container [32mstep-place-tools[0m

Showing logs for build [32mcb-kubecd-environment-pr-177-13-jj4qq-1[0m stage [32mfrom-build-pack[0m and container [32mstep-git-source-cb-kubecd-environment-pr-177-13-jj4qq-7ccp2[0m
{"level":"warn","ts":1583571425.4685185,"logger":"fallback-logger","caller":"logging/config.go:69","msg":"Fetch GitHub commit ID from kodata failed: \"ref: refs/heads/0.8.0-**-support-backwards-incompats\" is not a valid GitHub commit ID"}
{"level":"info","ts":1583571426.520552,"logger":"fallback-logger","caller":"git/git.go:103","msg":"Successfully cloned https://github.com/cb-kubecd/environment-pr-177-13-boot-gke-staging.git @ master in path /workspace/source"}

Showing logs for build [32mcb-kubecd-environment-pr-177-13-jj4qq-1[0m stage [32mfrom-build-pack[0m and container [32mstep-git-merge[0m
Using SHAs from PULL_REFS=master:5572fe7fb1dd9e42cf5785af9f8c664f8a5f68af,3:e605b6b30c8182fd405c88e5601c2b9546fc2f4e
DEBUG: LC_ALL=C JX_LOG_LEVEL=error git fetch origin --unshallow e605b6b30c8182fd405c88e5601c2b9546fc2f4e: 5572fe7fb1dd9e42cf5785af9f8c664f8a5f68af:
DEBUG: ran git fetch --unshallow origin e605b6b30c8182fd405c88e5601c2b9546fc2f4e: 5572fe7fb1dd9e42cf5785af9f8c664f8a5f68af: in 
DEBUG: LC_ALL=C JX_LOG_LEVEL=error git branch
DEBUG: LC_ALL=C JX_LOG_LEVEL=error git checkout master
DEBUG: ran git checkout master in 
DEBUG: LC_ALL=C JX_LOG_LEVEL=error git reset --hard 5572fe7fb1dd9e42cf5785af9f8c664f8a5f68af
DEBUG: ran git reset --hard 5572fe7fb1dd9e42cf5785af9f8c664f8a5f68af in 
DEBUG: LC_ALL=C JX_LOG_LEVEL=error git clean -fd .
DEBUG: ran clean --force -d . in 
DEBUG: LC_ALL=C JX_LOG_LEVEL=error git merge e605b6b30c8182fd405c88e5601c2b9546fc2f4e
DEBUG: ran git merge e605b6b30c8182fd405c88e5601c2b9546fc2f4e in 
DEBUG: LC_ALL=C JX_LOG_LEVEL=error git log --format=%H%x1f%an%x1f%ae%x1f%cn%x1f%ce%x1f%s%n%b%x1e 5572fe7fb1dd9e42cf5785af9f8c664f8a5f68af..HEAD
Merged SHA e605b6b30c8182fd405c88e5601c2b9546fc2f4e with commit message 'chore: Promote bdd-gh-1583570562 to version 0.0.1' into base branch master

Showing logs for build [32mcb-kubecd-environment-pr-177-13-jj4qq-1[0m stage [32mfrom-build-pack[0m and container [32mstep-build-helm-build[0m
WARNING: No $CHART_REPOSITORY defined so using the default value of: http://jenkins-x-chartmuseum:8080
Adding missing Helm repo: storage.googleapis.com https://storage.googleapis.com/chartmuseum.jenkins-x.io
WARNING: No secrets found on "helm/repos" due: reading the secret "helm/repos" from vault: no secret "helm/repos" not found in vault
Read credentials for https://storage.googleapis.com/chartmuseum.jenkins-x.io from vault helm/repos
Successfully added Helm repository storage.googleapis.com.
Adding missing Helm repo: jenkins-x-chartmuseum http://jenkins-x-chartmuseum:8080
WARNING: No secrets found on "helm/repos" due: reading the secret "helm/repos" from vault: no secret "helm/repos" not found in vault
Read credentials for http://jenkins-x-chartmuseum:8080 from vault helm/repos
Successfully added Helm repository jenkins-x-chartmuseum.
WARNING: No $CHART_REPOSITORY defined so using the default value of: http://jenkins-x-chartmuseum:8080
Adding missing Helm repo: chartmuseum.jenkins-x.io http://chartmuseum.jenkins-x.io
WARNING: No secrets found on "helm/repos" due: reading the secret "helm/repos" from vault: no secret "helm/repos" not found in vault
Read credentials for http://chartmuseum.jenkins-x.io from vault helm/repos
Successfully added Helm repository chartmuseum.jenkins-x.io.
